Mon Dec 17 00:54:04 CET 2012: Build errors in folder: 'Sensing build' 
Mon Dec 17 00:54:05 CET 2012: Build errors in folder: 'FilteredSensing build' 
Mon Dec 17 00:54:21 CET 2012: Build errors in folder: 'Sensing build' 
Mon Dec 17 00:54:22 CET 2012: Build errors in folder: 'FilteredSensing build' 
Mon Dec 17 00:55:41 CET 2012: Build errors in folder: 'Sensing build' 
Mon Dec 17 00:55:42 CET 2012: Build errors in folder: 'FilteredSensing build' 
Mon Dec 17 00:56:27 CET 2012: Cppcheck errors in folder: 'build' 
Mon Dec 17 00:56:27 CET 2012: Cppcheck errors in folder: 'build' 
Mon Dec 17 00:57:03 CET 2012: Cppcheck errors in folder: 'Sensing' 
Mon Dec 17 00:57:03 CET 2012: Cppcheck errors in folder: 'FilteredSensing' 
Mon Dec 17 00:57:09 CET 2012: Build errors in folder: 'Sensing' 
Mon Dec 17 00:57:17 CET 2012: Cppcheck errors in folder: 'Sensing' 
Mon Dec 17 00:57:17 CET 2012: Cppcheck errors in folder: 'FilteredSensing' 
Mon Dec 17 00:57:51 CET 2012: Build errors in folder: 'Sensing build' 
Mon Dec 17 00:57:52 CET 2012: Build errors in folder: 'FilteredSensing build' 
Mon Dec 17 01:00:58 CET 2012: Cppcheck errors in folder: 'build' 
Mon Dec 17 01:00:58 CET 2012: Cppcheck errors in folder: 'build' 
Mon Dec 17 01:01:23 CET 2012: Build errors in folder: 'Sensing build' 
Mon Dec 17 01:01:23 CET 2012: Build errors in folder: 'FilteredSensing build' 
Mon Dec 17 01:01:40 CET 2012: Build errors in folder: 'Sensing build' 
Mon Dec 17 01:01:41 CET 2012: Build errors in folder: 'FilteredSensing build' 
Mon Dec 17 01:02:39 CET 2012: Build errors in folder: 'Sensing build' 
Mon Dec 17 01:02:40 CET 2012: Build errors in folder: 'FilteredSensing build' 
Mon Dec 17 01:03:04 CET 2012: Build errors in folder: 'Sensing build' 
Mon Dec 17 01:03:05 CET 2012: Build errors in folder: 'FilteredSensing build' 
Mon Dec 17 01:03:18 CET 2012: Build errors in folder: 'Sensing build' 
Mon Dec 17 01:03:19 CET 2012: Build errors in folder: 'FilteredSensing build' 
Mon Dec 17 01:04:06 CET 2012: Cppcheck errors in folder: 'build' 
Mon Dec 17 01:04:06 CET 2012: Cppcheck errors in folder: 'build' 
Mon Dec 17 01:04:54 CET 2012: Cppcheck errors in folder: 'build' 
Mon Dec 17 01:04:54 CET 2012: Cppcheck errors in folder: 'build' 
Mon Dec 17 01:06:15 CET 2012: Cppcheck errors in folder: 'build' 
Mon Dec 17 01:06:15 CET 2012: Cppcheck errors in folder: 'build' 
Mon Dec 17 01:09:04 CET 2012: Cppcheck errors in folder: 'build' 
Mon Dec 17 01:09:27 CET 2012: Cppcheck errors in folder: 'build' 
Mon Dec 17 01:09:27 CET 2012: Cppcheck errors in folder: 'build' 
Mon Dec 17 01:11:37 CET 2012: Cppcheck errors in folder: 'Sensing' 
Mon Dec 17 01:11:37 CET 2012: Cppcheck errors in folder: 'FilteredSensing' 
Tue Dec 18 22:47:37 CET 2012: Cppcheck errors in cpp file(s)
Tue Dec 18 22:47:51 CET 2012: Cppcheck errors in cpp file(s)
Tue Dec 18 22:50:08 CET 2012: Cppcheck errors in cpp file(s)
